c:\c++\form\x64\release\vc143.pdb
c:\c++\form\x64\release\.netframework,version=v4.7.2.assemblyattributes.obj
c:\c++\form\x64\release\settingsform.obj
c:\c++\form\x64\release\myform.obj
c:\c++\form\x64\release\imagescollection.obj
c:\c++\form\x64\release\imageprocessing.obj
c:\c++\form\x64\release\image.obj
c:\c++\form\x64\release\datastorage.obj
c:\c++\form\x64\release\filedatamanager.obj
c:\c++\form\x64\release\form.exe
c:\c++\form\x64\release\form.pdb
c:\c++\form\x64\release\form.exe.metagen
c:\c++\form\x64\release\form.tlog\cl.command.1.tlog
c:\c++\form\x64\release\form.tlog\cl.read.1.tlog
c:\c++\form\x64\release\form.tlog\cl.write.1.tlog
c:\c++\form\x64\release\form.tlog\link.command.1.tlog
c:\c++\form\x64\release\form.tlog\link.read.1.tlog
c:\c++\form\x64\release\form.tlog\link.write.1.tlog
c:\c++\form\x64\release\form.tlog\metagen.read.1.tlog
c:\c++\form\x64\release\form.tlog\metagen.write.1.tlog
c:\c++\form\x64\release\form.tlog\resgen.command.1.tlog
c:\c++\form\x64\release\form.tlog\resgen.read.1.tlog
c:\c++\form\x64\release\form.tlog\resgen.write.1.tlog
